<?xml version="1.0" encoding="utf-8"?>
<?xml-stylesheet type="text/xsl" href="../assets/xml/rss.xsl" media="all"?><rss version="2.0" xmlns:dc="http://purl.org/dc/elements/1.1/" xmlns:atom="http://www.w3.org/2005/Atom"><channel><title>Sin Dioses (Publicaciones sobre test escéptico)</title><link>http://sindioses.github.io/</link><description></description><atom:link href="http://sindioses.github.io/categories/test-esceptico.xml" rel="self" type="application/rss+xml"></atom:link><language>es</language><copyright>Contents © 2001-&lt;script&gt;var hoy=new Date(); document.write(hoy.getFullYear())&lt;/script&gt;&lt;noscript&gt;2100&lt;/noscript&gt; &lt;a href="mailto:editores-sindioses@googlegroups.com"&gt;Sin Dioses&lt;/a&gt; Se permite la reproducción del contenido para fines educacionales y/o científicos siempre y cuando se mencione claramente nuestro sitio web, así como el nombre del autor de cada artículo. Se prohibe su reproducción con fines comerciales.</copyright><lastBuildDate>Wed, 30 Jul 2025 01:49:18 GMT</lastBuildDate><generator>Nikola (getnikola.com)</generator><docs>http://blogs.law.harvard.edu/tech/rss</docs><item><title>“Parece un niño de diez años haciendo esas preguntas...”</title><link>http://sindioses.github.io/cartas/cartas20030323.html</link><dc:creator>Luis María García (responde: Ferney Yesyd Rodríguez)</dc:creator><description>&lt;div class="mensaje docutils container"&gt;
&lt;!-- Escribe: Luis María García &lt;luisma252000@hotmail.com&gt; 23.03.2003 --&gt;
&lt;p&gt;Escribe: Luis María García &amp;lt;luism...tmail.com&amp;gt; 23.03.2003&lt;/p&gt;
&lt;p&gt;Queridos amigos:&lt;/p&gt;
&lt;p&gt;Me he encontrado vuestra página navegando en la red y confieso que algunos de los artículos me han llamado la atención, sobre todo el "test escéptico para fundamentalistas cristianos". Las preguntas enumeradas en él dejan en ridículo a la persona que las ha confeccionado. No niego su buen nivel de conocimientos científicos y demás, pero conocimientos religiosos sobre el cristianismo,... parece un niño de diez años haciendo esas preguntas.&lt;/p&gt;
&lt;/div&gt;
&lt;section id="respuesta"&gt;
&lt;h2&gt;Respuesta&lt;/h2&gt;
&lt;p&gt;Ante todo gracias por escribir. Me parece curiosa su expresión “parece un niño de 10 años haciendo esas preguntas”. ¿Acaso se molestó por ellas? ¿Es usted fundamentalista?. Sospecho que así lo es. Déjeme contarle que según Piaget, un niño de 10 años se encuentra en la etapa cognitiva de operaciones concretas. Según Piaget, un niño de 10 años no puede pensar en forma abstracta. La verdad hasta ahora no he encontrado el primer niño de 10 años que pregunte: "¿ Si los creyentes de todas las denominaciones creen que sus creencias son ciertas por 'sensaciones interiores' ¿Por qué sus sensaciones interiores han de tener más crédito que las de un musulmán?". ¿Lo ha encontrado usted?&lt;/p&gt;
&lt;div class="mensaje docutils container"&gt;
&lt;p&gt;Si es posible háganle llegar este correo al señor Ferney Yesyd Rodríguez para que cuando quiera escribir sobre un tema del que no conoce casi nada, se informe y estudie un poco antes. Sólo cuando se sabe mucho de algo, se puede decir algo con un poco de sentido común.&lt;/p&gt;
&lt;/div&gt;
&lt;p&gt;Quiero dejar en claro que no conozco el primer niño de 10 años que haga preguntas tales como: "Si Ud. exige pruebas de la inexistencia del dios judeocristiano, ¿Está usted dispuesto a demostrar la inexistencia de Zeus, Krisna, Thor, Rá, Bachue, Quetzacoatl, Odín, etc.?"&lt;/p&gt;
&lt;p&gt;Es curioso que usted dice que no conozco casi nada sobre el tema, pero no dice en que me equivoqué. ¿Fue en algo referente a los adventistas o los testigos de Jehová? Le juro que he revisado las preguntas y no las he encontrado por fuera de contexto. ¿O se ofendió por la mención de los versículos racistas y sexistas de la Biblia? Su actitud me hace sospechar que usted es un fundamentalista cristiano ofendido.&lt;/p&gt;
&lt;div class="mensaje docutils container"&gt;
&lt;p&gt;Reciban el más cordial saludo desde España. Att: Luis María García&lt;/p&gt;
&lt;/div&gt;
&lt;p&gt;Reciba otro igual desde Colombia.&lt;/p&gt;
&lt;div class="line-block"&gt;
&lt;div class="line"&gt;Atentamente,&lt;/div&gt;
&lt;div class="line"&gt;Ferney Yesyd Rodríguez.&lt;/div&gt;
&lt;/div&gt;
&lt;/section&gt;</description><category>Cartas de la Edad Media</category><category>conocimiento</category><category>test escéptico</category><guid>http://sindioses.github.io/cartas/cartas20030323.html</guid><pubDate>Sun, 23 Mar 2003 03:00:00 GMT</pubDate></item></channel></rss>